<?xml version="1.0" encoding="UTF-8"?>
<robot generator="Robot 6.1.1 (Python 3.11.3 on win32)" generated="20230809 03:11:40.620" rpa="false" schemaversion="4">
<suite id="s1" name="Test" source="C:\Users\admin\Documents\rb-robot\test.robot">
<test id="s1-t1" name="CodenBox AutomationLab" line="12">
<kw name="Open Browser" library="SeleniumLibrary">
<arg>${URL}</arg>
<arg>${BROWSER}</arg>
<doc>Opens a new browser instance to the optional ``url``.</doc>
<msg timestamp="20230809 03:11:40.854" level="INFO">Opening browser 'chrome' to base url 'https://codenboxautomationlab.com/practice/'.</msg>
<status status="PASS" starttime="20230809 03:11:40.854" endtime="20230809 03:11:55.690"/>
</kw>
<kw name="Maximize Browser Window" library="SeleniumLibrary">
<doc>Maximizes current browser window.</doc>
<status status="PASS" starttime="20230809 03:11:55.691" endtime="20230809 03:11:55.814"/>
</kw>
<kw name="Page Should Contain Radio Button" library="SeleniumLibrary">
<arg>xpath:(//input[@name='radioButton'])</arg>
<doc>Verifies radio button ``locator`` is found from current page.</doc>
<msg timestamp="20230809 03:11:55.879" level="INFO">Current page contains radio button 'xpath:(//input[@name='radioButton'])'.</msg>
<status status="PASS" starttime="20230809 03:11:55.815" endtime="20230809 03:11:55.880"/>
</kw>
<kw name="Sleep" library="BuiltIn">
<arg>2</arg>
<doc>Pauses the test executed for the given time.</doc>
<msg timestamp="20230809 03:11:57.880" level="INFO">Slept 2 seconds</msg>
<status status="PASS" starttime="20230809 03:11:55.880" endtime="20230809 03:11:57.880"/>
</kw>
<kw name="Select Radio Button" library="SeleniumLibrary">
<arg>radioButton</arg>
<arg>radio2</arg>
<doc>Sets the radio button group ``group_name`` to ``value``.</doc>
<msg timestamp="20230809 03:11:57.881" level="INFO">Selecting 'radio2' from radio button 'radioButton'.</msg>
<status status="PASS" starttime="20230809 03:11:57.881" endtime="20230809 03:11:57.957"/>
</kw>
<kw name="Radio Button Should Be Set To" library="SeleniumLibrary">
<arg>radioButton</arg>
<arg>radio2</arg>
<doc>Verifies radio button group ``group_name`` is set to ``value``.</doc>
<msg timestamp="20230809 03:11:57.958" level="INFO">Verifying radio button 'radioButton' has selection 'radio2'.</msg>
<status status="PASS" starttime="20230809 03:11:57.958" endtime="20230809 03:11:57.992"/>
</kw>
<kw name="Click Element" library="SeleniumLibrary">
<arg>xpath://input[@id='autocomplete']</arg>
<doc>Click the element identified by ``locator``.</doc>
<msg timestamp="20230809 03:11:57.993" level="INFO">Clicking element 'xpath://input[@id='autocomplete']'.</msg>
<status status="PASS" starttime="20230809 03:11:57.992" endtime="20230809 03:11:58.042"/>
</kw>
<kw name="Input Text" library="SeleniumLibrary">
<arg>id:autocomplete</arg>
<arg>thai</arg>
<doc>Types the given ``text`` into the text field identified by ``locator``.</doc>
<msg timestamp="20230809 03:11:58.043" level="INFO">Typing text 'thai' into text field 'id:autocomplete'.</msg>
<status status="PASS" starttime="20230809 03:11:58.043" endtime="20230809 03:11:58.116"/>
</kw>
<kw name="Click Element" library="SeleniumLibrary">
<arg>id:autocomplete</arg>
<arg>action_chain=True</arg>
<doc>Click the element identified by ``locator``.</doc>
<msg timestamp="20230809 03:11:58.117" level="INFO">Clicking 'id:autocomplete' using an action chain.</msg>
<status status="PASS" starttime="20230809 03:11:58.116" endtime="20230809 03:11:58.397"/>
</kw>
<kw name="Wait Until Element Is Visible" library="SeleniumLibrary">
<arg>id:dropdown-class-example</arg>
<arg>timeout=5</arg>
<doc>Waits until the element ``locator`` is visible.</doc>
<status status="PASS" starttime="20230809 03:11:58.398" endtime="20230809 03:11:58.434"/>
</kw>
<kw name="Select From List By Index" library="SeleniumLibrary">
<arg>id:dropdown-class-example</arg>
<arg>option1</arg>
<doc>Selects options from selection list ``locator`` by ``indexes``.</doc>
<msg timestamp="20230809 03:11:58.435" level="INFO">Selecting options from selection list 'id:dropdown-class-example' by index option1.</msg>
<msg timestamp="20230809 03:11:58.627" level="INFO" html="true">&lt;/td&gt;&lt;/tr&gt;&lt;tr&gt;&lt;td colspan="3"&gt;&lt;a href="selenium-screenshot-7.png"&gt;&lt;img src="selenium-screenshot-7.png" width="800px"&gt;&lt;/a&gt;</msg>
<msg timestamp="20230809 03:11:58.627" level="FAIL">ValueError: invalid literal for int() with base 10: 'option1'</msg>
<status status="FAIL" starttime="20230809 03:11:58.435" endtime="20230809 03:11:58.629"/>
</kw>
<kw name="List Selection Should Be" library="SeleniumLibrary">
<arg>id:dropdown-class-example</arg>
<arg>option1</arg>
<doc>Verifies selection list ``locator`` has ``expected`` options selected.</doc>
<status status="NOT RUN" starttime="20230809 03:11:58.629" endtime="20230809 03:11:58.629"/>
</kw>
<kw name="Select From List By Value" library="SeleniumLibrary">
<arg>id:dropdown-class-example</arg>
<arg>option3</arg>
<doc>Selects options from selection list ``locator`` by ``values``.</doc>
<status status="NOT RUN" starttime="20230809 03:11:58.630" endtime="20230809 03:11:58.630"/>
</kw>
<kw name="List Selection Should Be" library="SeleniumLibrary">
<arg>id:dropdown-class-example</arg>
<arg>option3</arg>
<doc>Verifies selection list ``locator`` has ``expected`` options selected.</doc>
<status status="NOT RUN" starttime="20230809 03:11:58.630" endtime="20230809 03:11:58.630"/>
</kw>
<kw name="Close Browser" library="SeleniumLibrary">
<doc>Closes the current browser.</doc>
<status status="NOT RUN" starttime="20230809 03:11:58.631" endtime="20230809 03:11:58.631"/>
</kw>
<status status="FAIL" starttime="20230809 03:11:40.853" endtime="20230809 03:11:58.631">ValueError: invalid literal for int() with base 10: 'option1'</status>
</test>
<status status="FAIL" starttime="20230809 03:11:40.621" endtime="20230809 03:11:58.633"/>
</suite>
<statistics>
<total>
<stat pass="0" fail="1" skip="0">All Tests</stat>
</total>
<tag>
</tag>
<suite>
<stat pass="0" fail="1" skip="0" id="s1" name="Test">Test</stat>
</suite>
</statistics>
<errors>
</errors>
</robot>
